\BOOKMARK [0][-]{chapter.1}{Introdu\347\343o}{}% 1
\BOOKMARK [1][-]{section.1.1}{Motiva\347\343o}{chapter.1}% 2
\BOOKMARK [1][-]{section.1.2}{Organiza\347\343o}{chapter.1}% 3
\BOOKMARK [0][-]{chapter.2}{Blender}{}% 4
\BOOKMARK [1][-]{section.2.1}{Software}{chapter.2}% 5
\BOOKMARK [2][-]{subsection.2.1.1}{Renderiza\347\343o no Blender}{section.2.1}% 6
\BOOKMARK [1][-]{section.2.2}{Texturas}{chapter.2}% 7
\BOOKMARK [2][-]{subsection.2.2.1}{Vis\343o Geral}{section.2.2}% 8
\BOOKMARK [2][-]{subsection.2.2.2}{Mapeamento de Textura}{section.2.2}% 9
\BOOKMARK [2][-]{subsection.2.2.3}{Estrat\351gias de Wrapping}{section.2.2}% 10
\BOOKMARK [2][-]{subsection.2.2.4}{Texturas Tridimensionais}{section.2.2}% 11
\BOOKMARK [1][-]{section.2.3}{Sistemas de Coordenadas}{chapter.2}% 12
\BOOKMARK [2][-]{subsection.2.3.1}{Nota\347\343o Homog\352nea}{section.2.3}% 13
\BOOKMARK [1][-]{section.2.4}{Shaders}{chapter.2}% 14
\BOOKMARK [2][-]{subsection.2.4.1}{Open Shading Language}{section.2.4}% 15
\BOOKMARK [0][-]{chapter.3}{OpenVDB}{}% 16
\BOOKMARK [1][-]{section.3.1}{Defini\347\343o}{chapter.3}% 17
\BOOKMARK [2][-]{subsection.3.1.1}{A Estrutura de Dados VDB}{section.3.1}% 18
\BOOKMARK [2][-]{subsection.3.1.2}{Algoritmos de Acesso \340 Estrutura}{section.3.1}% 19
\BOOKMARK [1][-]{section.3.2}{Compara\347\343o da VDB com Estruturas Semelhantes}{chapter.3}% 20
\BOOKMARK [2][-]{subsection.3.2.1}{Octrees}{section.3.2}% 21
\BOOKMARK [2][-]{subsection.3.2.2}{\301rvores B}{section.3.2}% 22
\BOOKMARK [2][-]{subsection.3.2.3}{\301rvores B+}{section.3.2}% 23
\BOOKMARK [0][-]{chapter.4}{Resultados}{}% 24
\BOOKMARK [0][-]{chapter.5}{Conclus\343o}{}% 25
\BOOKMARK [1][-]{section.5.1}{Desafios}{chapter.5}% 26
\BOOKMARK [1][-]{section.5.2}{Trabalhos Futuros}{chapter.5}% 27
\BOOKMARK [1][-]{section.5.3}{Coment\341rios Finais}{chapter.5}% 28
\BOOKMARK [0][-]{chapter*.60}{Bibliografia}{}% 29
